0 info it worked if it ends with ok
1 verbose cli [ '/usr/local/node-v6.9.4-linux-x64/bin/node',
1 verbose cli   '/usr/local/node-v6.9.4-linux-x64/bin/npm',
1 verbose cli   'start' ]
2 info using npm@3.10.10
3 info using node@v6.9.4
4 verbose run-script [ 'prestart', 'start', 'poststart' ]
5 info lifecycle servidor-api@1.0.0~prestart: servidor-api@1.0.0
6 silly lifecycle servidor-api@1.0.0~prestart: no script for prestart, continuing
7 info lifecycle servidor-api@1.0.0~start: servidor-api@1.0.0
8 verbose lifecycle servidor-api@1.0.0~start: unsafe-perm in lifecycle true
9 verbose lifecycle servidor-api@1.0.0~start: PATH: /usr/local/node-v6.9.4-linux-x64/lib/node_modules/npm/bin/node-gyp-bin:/home/alu/Documentos/api-rest-adi/node_modules/.bin:/opt/ros/kinetic/bin:/opt/sublime_text_3:/usr/local/Sublime-Text-2:/usr/local/robo3t-1.1.1-linux-x86_64-c93c6b0/bin:/usr/local/racket-6.7-x86_64/bin:/usr/local/netbeans-8.2/bin:/usr/local/libsvm-3.22:/usr/local/juddi-distro-3.3.0/juddi-tomcat-3.3.0/bin:/usr/local/node-v6.9.4-linux-x64/bin:/opt/java/jdk/bin:/usr/local/chrome-linux:/usr/local/caffe-master/build/tools:/usr/local/axis2-1.6.2/bin:/usr/local/anaconda3/bin:/usr/local/sbin:/usr/local/bin:/usr/sbin:/usr/bin:/sbin:/bin:/usr/games:/usr/local/games:/snap/bin:/usr/local/eclipse/cpp-neon/eclipse:.:/usr/local/eclipse/cpp-oxygen/eclipse:.:/usr/local/eclipse/jee-neon/eclipse:.:/usr/local/eclipse/jee-oxygen/eclipse:.:/usr/local/go/bin:/home/alu/go/bin:/usr/local/sts-bundle/sts-3.9.0.RELEASE:.:.:.:.
10 verbose lifecycle servidor-api@1.0.0~start: CWD: /home/alu/Documentos/api-rest-adi
11 silly lifecycle servidor-api@1.0.0~start: Args: [ '-c',
11 silly lifecycle   'touch basedatosadi.db && node seeddatabase.js && nodemon servidor.js' ]
12 silly lifecycle servidor-api@1.0.0~start: Returned: code: 1  signal: null
13 info lifecycle servidor-api@1.0.0~start: Failed to exec start script
14 verbose stack Error: servidor-api@1.0.0 start: `touch basedatosadi.db && node seeddatabase.js && nodemon servidor.js`
14 verbose stack Exit status 1
14 verbose stack     at EventEmitter.<anonymous> (/usr/local/node-v6.9.4-linux-x64/lib/node_modules/npm/lib/utils/lifecycle.js:255:16)
14 verbose stack     at emitTwo (events.js:106:13)
14 verbose stack     at EventEmitter.emit (events.js:191:7)
14 verbose stack     at ChildProcess.<anonymous> (/usr/local/node-v6.9.4-linux-x64/lib/node_modules/npm/lib/utils/spawn.js:40:14)
14 verbose stack     at emitTwo (events.js:106:13)
14 verbose stack     at ChildProcess.emit (events.js:191:7)
14 verbose stack     at maybeClose (internal/child_process.js:877:16)
14 verbose stack     at Process.ChildProcess._handle.onexit (internal/child_process.js:226:5)
15 verbose pkgid servidor-api@1.0.0
16 verbose cwd /home/alu/Documentos/api-rest-adi
17 error Linux 4.4.0-98-generic
18 error argv "/usr/local/node-v6.9.4-linux-x64/bin/node" "/usr/local/node-v6.9.4-linux-x64/bin/npm" "start"
19 error node v6.9.4
20 error npm  v3.10.10
21 error code ELIFECYCLE
22 error servidor-api@1.0.0 start: `touch basedatosadi.db && node seeddatabase.js && nodemon servidor.js`
22 error Exit status 1
23 error Failed at the servidor-api@1.0.0 start script 'touch basedatosadi.db && node seeddatabase.js && nodemon servidor.js'.
23 error Make sure you have the latest version of node.js and npm installed.
23 error If you do, this is most likely a problem with the servidor-api package,
23 error not with npm itself.
23 error Tell the author that this fails on your system:
23 error     touch basedatosadi.db && node seeddatabase.js && nodemon servidor.js
23 error You can get information on how to open an issue for this project with:
23 error     npm bugs servidor-api
23 error Or if that isn't available, you can get their info via:
23 error     npm owner ls servidor-api
23 error There is likely additional logging output above.
24 verbose exit [ 1, true ]
