0 info it worked if it ends with ok
1 verbose cli [ '/usr/bin/node', '/usr/bin/npm', 'start' ]
2 info using npm@3.5.2
3 info using node@v6.11.4
4 verbose run-script [ 'prestart', 'start', 'poststart' ]
5 info lifecycle servidor-api@1.0.0~prestart: servidor-api@1.0.0
6 silly lifecycle servidor-api@1.0.0~prestart: no script for prestart, continuing
7 info lifecycle servidor-api@1.0.0~start: servidor-api@1.0.0
8 verbose lifecycle servidor-api@1.0.0~start: unsafe-perm in lifecycle true
9 verbose lifecycle servidor-api@1.0.0~start: PATH: /usr/share/npm/bin/node-gyp-bin:/home/jorge/Documents/ADI/Pr2/api-rest-adi/server/node_modules/.bin:/home/jorge/.local/share/umake/bin:/usr/local/sbin:/usr/local/bin:/usr/sbin:/usr/bin:/sbin:/bin:/usr/games:/usr/local/games:/snap/bin:/usr/lib/jvm/oracle_jdk7/bin:/usr/lib/jvm/oracle_jdk7/db/bin:/usr/lib/jvm/oracle_jdk7/jre/bin
10 verbose lifecycle servidor-api@1.0.0~start: CWD: /home/jorge/Documents/ADI/Pr2/api-rest-adi/server
11 silly lifecycle servidor-api@1.0.0~start: Args: [ '-c',
11 silly lifecycle   'touch basedatosadi.db && node seeddatabase.js && nodemon servidor.js' ]
12 silly lifecycle servidor-api@1.0.0~start: Returned: code: 1  signal: null
13 info lifecycle servidor-api@1.0.0~start: Failed to exec start script
14 verbose stack Error: servidor-api@1.0.0 start: `touch basedatosadi.db && node seeddatabase.js && nodemon servidor.js`
14 verbose stack Exit status 1
14 verbose stack     at EventEmitter.<anonymous> (/usr/share/npm/lib/utils/lifecycle.js:232:16)
14 verbose stack     at emitTwo (events.js:106:13)
14 verbose stack     at EventEmitter.emit (events.js:191:7)
14 verbose stack     at ChildProcess.<anonymous> (/usr/share/npm/lib/utils/spawn.js:24:14)
14 verbose stack     at emitTwo (events.js:106:13)
14 verbose stack     at ChildProcess.emit (events.js:191:7)
14 verbose stack     at maybeClose (internal/child_process.js:920:16)
14 verbose stack     at Process.ChildProcess._handle.onexit (internal/child_process.js:230:5)
15 verbose pkgid servidor-api@1.0.0
16 verbose cwd /home/jorge/Documents/ADI/Pr2/api-rest-adi/server
17 error Linux 4.13.0-46-generic
18 error argv "/usr/bin/node" "/usr/bin/npm" "start"
19 error node v6.11.4
20 error npm  v3.5.2
21 error code ELIFECYCLE
22 error servidor-api@1.0.0 start: `touch basedatosadi.db && node seeddatabase.js && nodemon servidor.js`
22 error Exit status 1
23 error Failed at the servidor-api@1.0.0 start script 'touch basedatosadi.db && node seeddatabase.js && nodemon servidor.js'.
23 error Make sure you have the latest version of node.js and npm installed.
23 error If you do, this is most likely a problem with the servidor-api package,
23 error not with npm itself.
23 error Tell the author that this fails on your system:
23 error     touch basedatosadi.db && node seeddatabase.js && nodemon servidor.js
23 error You can get information on how to open an issue for this project with:
23 error     npm bugs servidor-api
23 error Or if that isn't available, you can get their info via:
23 error     npm owner ls servidor-api
23 error There is likely additional logging output above.
24 verbose exit [ 1, true ]
